SYSTEM INFO
-----------
sys.version = 3.6.9 (default, Oct 29 2019, 10:39:36) [GCC]
sys.platform = linux
os.name = posix
os.getcwd() = /home/nico/Downloads/w4py3-master/webware/MiddleKit/Tests
dbName = SQLite
<cmd> python3 ExecuteScript.py --version
SQLite 3.28.0 (sqlite3 2.6.0)
modules with versions:
    MiddleKit.Properties, ('X', 'Y', 0), /home/nico/Downloads/w4py3-master/webware/MiddleKit/Properties.py
    _sqlite3, '2.6.0', /usr/lib64/python3.6/lib-dynload/_sqlite3.cpython-36m-x86_64-linux-gnu.so
    marshal, 4, (built-in)
    sqlite3, (2, 6, 0), '2.6.0', /usr/lib64/python3.6/sqlite3/__init__.py
    sqlite3.dbapi2, (2, 6, 0), '2.6.0', /usr/lib64/python3.6/sqlite3/dbapi2.py

RESULTS
-------
     succeeded MKBasic.mkmodel
     succeeded MKNone.mkmodel
     succeeded MKString.mkmodel
     succeeded MKDateTime.mkmodel
     succeeded MKEnums.mkmodel
     succeeded MKDefaultMinMax.mkmodel
*** FAILED *** MKTypeValueChecking.mkmodel
     succeeded MKInheritance.mkmodel
     succeeded MKInheritanceAbstract.mkmodel
     succeeded MKList.mkmodel
     succeeded MKObjRef.mkmodel
     succeeded MKObjRefReuse.mkmodel
     succeeded MKDelete.mkmodel
     succeeded MKDeleteMark.mkmodel
     succeeded MKMultipleStores.mkmodel
     succeeded MKMultipleThreads.mkmodel
*** FAILED *** MKModelInh1.mkmodel
*** FAILED *** MKModelInh2.mkmodel
     succeeded MKModelInh3.mkmodel
       skipped MKExcel.mkmodel

51 seconds
